<?xml version="1.0" encoding="UTF-8"?>
<?xml-model href="../dist/ATN.rng" type="application/xml" schematypens="http://relaxng.org/ns/structure/1.0"?>
<?xml-model href="../dist/ATN.rng" type="application/xml" schematypens="http://purl.oclc.org/dsdl/schematron"?>
<TEI xmlns="http://www.tei-c.org/ns/1.0" xml:id="test-file">
  <teiHeader>
      <fileDesc>
         <titleStmt>
            <title>Test File for the ATN schema</title>
         </titleStmt>
         <publicationStmt>
            <p>Publication Information</p>
         </publicationStmt>
         <sourceDesc>
            <p>Information about the source</p>
         </sourceDesc>
      </fileDesc>
  </teiHeader>
  <text>
      <body>
         <p></p>
      </body>
  </text>
</TEI>
